SERVER_HANDSHAKE_TRAFFIC_SECRET 2e87c06851dbb8f812977069d5f6bd801cfe5ca0b4fdeb746fb49aa4019b4c35 7061ed0f4b21143ab04343f889aeaea35d852f0cc88d650e35aa450da40a2085
EXPORTER_SECRET 2e87c06851dbb8f812977069d5f6bd801cfe5ca0b4fdeb746fb49aa4019b4c35 beaf3a0d0068c73aae6768ad5be051121a3cf0302372af631a9f131bdf546c07
SERVER_TRAFFIC_SECRET_0 2e87c06851dbb8f812977069d5f6bd801cfe5ca0b4fdeb746fb49aa4019b4c35 ab7029b2a8a068629387601c441e21ec9e735d93adc20fe7e89b2ea308e5a24d
CLIENT_HANDSHAKE_TRAFFIC_SECRET 2e87c06851dbb8f812977069d5f6bd801cfe5ca0b4fdeb746fb49aa4019b4c35 9d534648e7efb5b67722dcafeba2955219e07fbf55eb25c0d3a7e769f80c2b68
CLIENT_TRAFFIC_SECRET_0 2e87c06851dbb8f812977069d5f6bd801cfe5ca0b4fdeb746fb49aa4019b4c35 0931f817ce735465d97036c28afe38089c6a93f49df4de20efa9bee8efdf230f
SERVER_HANDSHAKE_TRAFFIC_SECRET b55a1ae5bb53897fe99f6677db4122203cc21c51784a2f787a29da105f809477 f21f9ddc91825bc20f3d2bc9f289e35158b815c24b2e308923403db2c7be58bc
EXPORTER_SECRET b55a1ae5bb53897fe99f6677db4122203cc21c51784a2f787a29da105f809477 1e9c529c264e6a1fc712aedf6d127a27da2444c933f84852ce7c55597aff63a1
SERVER_TRAFFIC_SECRET_0 b55a1ae5bb53897fe99f6677db4122203cc21c51784a2f787a29da105f809477 f9684f38907560677d8df29fb2c5c52c174d5646d1a31588f885ca3591d99611
CLIENT_HANDSHAKE_TRAFFIC_SECRET b55a1ae5bb53897fe99f6677db4122203cc21c51784a2f787a29da105f809477 18939cba1fba90d77795dc362430579769ee71d8c8137db5d3906029c07a91d9
CLIENT_TRAFFIC_SECRET_0 b55a1ae5bb53897fe99f6677db4122203cc21c51784a2f787a29da105f809477 81c333d0ccae97963b3904eebc4f27134400f5a3d3acea029e4c87330161936d
SERVER_HANDSHAKE_TRAFFIC_SECRET 508dedca2b3539892b36e0c6a3a0940938218b08dcb2c5aa00f4b6d742694b85 dd08e535aac6ab5f38be39138304a3a391ec7aaed793addb7e57b85959fb5816
EXPORTER_SECRET 508dedca2b3539892b36e0c6a3a0940938218b08dcb2c5aa00f4b6d742694b85 f9fb57052948217f47981d1147cba4a8aa57fb4948af25c5a59d924fffa04192
SERVER_TRAFFIC_SECRET_0 508dedca2b3539892b36e0c6a3a0940938218b08dcb2c5aa00f4b6d742694b85 bc5a2a9f94b24bcf7048827cb03d07b6b9cb6b1c4c12e4c0e39809554f924f17
CLIENT_HANDSHAKE_TRAFFIC_SECRET 508dedca2b3539892b36e0c6a3a0940938218b08dcb2c5aa00f4b6d742694b85 b70ff0709f90dd925b42e19cc53bfd4a69f1689af7a7d33ba146972047248474
CLIENT_TRAFFIC_SECRET_0 508dedca2b3539892b36e0c6a3a0940938218b08dcb2c5aa00f4b6d742694b85 7b1e52f9aa095cecb63a935d1b653593528df5ec18a1586fb7bb954fb182c49b
SERVER_HANDSHAKE_TRAFFIC_SECRET 0cd4de95cee2a4754dea0c76e65a36b6eced4a76db7a3ac950c87d30f0080c42 dedce13b166f20b2106b0ebddf77f9e04e14d96fd7e30ecee285d38b6e158bb0
EXPORTER_SECRET 0cd4de95cee2a4754dea0c76e65a36b6eced4a76db7a3ac950c87d30f0080c42 ea86e551a226592121bc2e138e49b859f9f8b92e499b0a1acef79b99f88c1fcd
SERVER_TRAFFIC_SECRET_0 0cd4de95cee2a4754dea0c76e65a36b6eced4a76db7a3ac950c87d30f0080c42 b1715ca39d4b853bdc4c4985ba5e8b0bbc9235620d03af7c2b7f3c1f18661d2b
CLIENT_HANDSHAKE_TRAFFIC_SECRET 0cd4de95cee2a4754dea0c76e65a36b6eced4a76db7a3ac950c87d30f0080c42 9d2acebebc92fc246b89e9b2ef32e7350ecf12272e185530dd6b1a9910dce016
CLIENT_TRAFFIC_SECRET_0 0cd4de95cee2a4754dea0c76e65a36b6eced4a76db7a3ac950c87d30f0080c42 d2873d3677699c725294c007892782f48f0dab406205d8367c7dfae0325783f7
SERVER_HANDSHAKE_TRAFFIC_SECRET bf9d875ca66397d8ea118f051a6ac1f69f079ab364922f07474ffded421c06b5 9f57aad8521f7e62817869ce58cad3341b5afe0825034842acbc69667a8a5921
EXPORTER_SECRET bf9d875ca66397d8ea118f051a6ac1f69f079ab364922f07474ffded421c06b5 3a05551c164c43aeef6b6b7b7e2afc1f446af09c55d3a3d7e2e16817c926bc4d
SERVER_TRAFFIC_SECRET_0 bf9d875ca66397d8ea118f051a6ac1f69f079ab364922f07474ffded421c06b5 6a86f6f72fcc244d3bcc74f8d0753d47283af0dab7e4aee8da4de194626774be
CLIENT_HANDSHAKE_TRAFFIC_SECRET bf9d875ca66397d8ea118f051a6ac1f69f079ab364922f07474ffded421c06b5 c7123dabb60c703245408a7164520275fe670be6a2f6283c9a7fd5293ecaecd4
CLIENT_TRAFFIC_SECRET_0 bf9d875ca66397d8ea118f051a6ac1f69f079ab364922f07474ffded421c06b5 ba168f2f1d80fabc02c2e5c3dc4f2324004f4cd164465531a85b869d8702f4ad
